<?xml version="1.0" encoding="UTF-8"?>
<!-- Generated by org.testng.reporters.JUnitReportReporter -->
<testsuite hostname="DESKTOP-1UE22RV" failures="0" tests="5" name="testCase.TestLogin" time="17.057" errors="0" timestamp="2023-10-11T22:38:01 NPT" skipped="0">
  <testcase classname="testCase.TestLogin" name="verifyLogin" time="3.542"/>
  <testcase classname="testCase.TestLogin" name="verifyLogin" time="2.880"/>
  <testcase classname="testCase.TestLogin" name="verifyLogin" time="4.079"/>
  <testcase classname="testCase.TestLogin" name="verifyLogin" time="2.908"/>
  <testcase classname="testCase.TestLogin" name="verifyLogin" time="3.648"/>
</testsuite> <!-- testCase.TestLogin -->
