<?xml version="1.0" encoding="UTF-8"?>
<!-- Generated by org.testng.reporters.JUnitReportReporter -->
<testsuite hostname="DESKTOP-1UE22RV" failures="0" tests="1" name="testCase.TestLogin" time="4.429" errors="0" timestamp="2023-10-12T00:23:33 NPT" skipped="0">
  <testcase classname="testCase.TestLogin" name="verifyLogin" time="4.429"/>
</testsuite> <!-- testCase.TestLogin -->
